[2025-08-23 10:48:51] 服务状态:
[2025-08-23 10:48:51] 后端服务: 未启动
[2025-08-23 10:48:51] 前端服务: 未启动
[2025-08-23 10:48:56] === BabyDraw 项目启动 ===
[2025-08-23 10:48:56] 检查依赖...
[2025-08-23 10:48:56] 依赖检查完成
[2025-08-23 10:48:56] 安装依赖...
[2025-08-23 10:48:56] 安装前端依赖...

up to date, audited 454 packages in 2s

172 packages are looking for funding
  run `npm fund` for details

found 0 vulnerabilities
[2025-08-23 10:48:59] 安装后端依赖...
Resolved 47 packages in 8ms
Audited 44 packages in 0.03ms
[2025-08-23 10:48:59] 依赖安装完成
[2025-08-23 10:48:59] 启动后端服务...
[2025-08-23 10:48:59] 后端服务已启动 (PID: 33842)
[2025-08-23 10:48:59] 后端日志: /Users/heshaozhong/code/babydraw/logs/backend.log
[2025-08-23 10:49:02] 后端服务运行在: http://localhost:8000
[2025-08-23 10:49:02] 启动前端服务...
[2025-08-23 10:49:02] 前端服务已启动 (PID: 33879)
[2025-08-23 10:49:02] 前端日志: /Users/heshaozhong/code/babydraw/logs/frontend.log
[2025-08-23 10:49:07] 前端服务运行在: http://localhost:3000
[2025-08-23 10:49:07] === 所有服务已启动 ===
[2025-08-23 10:49:07] 前端: http://localhost:3000
[2025-08-23 10:49:07] 后端: http://localhost:8000
[2025-08-23 10:49:07] 使用 './start.sh stop' 停止服务
[2025-08-23 10:49:07] 使用 './start.sh status' 查看状态
[2025-08-23 10:49:07] 使用 './start.sh logs [backend|frontend|start]' 查看日志
[2025-08-23 10:49:22] 服务状态:
[2025-08-23 10:49:22] 后端服务: 运行中 (PID: 33842)
[2025-08-23 10:49:22] 前端服务: 运行中 (PID: 33879)
[2025-08-23 10:50:07] 服务状态:
[2025-08-23 10:50:07] 后端服务: 运行中 (PID: 33842)
[2025-08-23 10:50:08] 前端服务: 运行中 (PID: 33879)
[2025-08-23 10:50:17] 用法: ./start.sh logs [backend|frontend|start]
[2025-08-23 10:52:20] 停止服务...
[2025-08-23 10:52:20] 后端服务已停止
[2025-08-23 10:52:20] 前端服务已停止
